-------------------------------------------------------------------------------
Test set: edu.coursera.concurrent.ListSetTest
-------------------------------------------------------------------------------
Tests run: 6, Failures: 6, Errors: 0, Skipped: 0, Time elapsed: 1,221.938 sec <<< FAILURE! - in edu.coursera.concurrent.ListSetTest
testCoarseGrainedLockingRandomLarge(edu.coursera.concurrent.ListSetTest)  Time elapsed: 178.496 sec  <<< FAILURE!
junit.framework.AssertionFailedError: expected:<50535> but was:<50531>
	at junit.framework.Assert.fail(Assert.java:47)
	at junit.framework.Assert.failNotEquals(Assert.java:280)
	at junit.framework.Assert.assertEquals(Assert.java:64)
	at junit.framework.Assert.assertEquals(Assert.java:198)
	at junit.framework.Assert.assertEquals(Assert.java:204)
	at edu.coursera.concurrent.ListSetTest.testCoarseGrainedLockingHelper(ListSetTest.java:150)
	at edu.coursera.concurrent.ListSetTest.testCoarseGrainedLockingRandomLarge(ListSetTest.java:52)

testCoarseGrainedLockingRepeatingLarge(edu.coursera.concurrent.ListSetTest)  Time elapsed: 132.841 sec  <<< FAILURE!
junit.framework.AssertionFailedError: expected:<10000> but was:<10055>
	at junit.framework.Assert.fail(Assert.java:47)
	at junit.framework.Assert.failNotEquals(Assert.java:280)
	at junit.framework.Assert.assertEquals(Assert.java:64)
	at junit.framework.Assert.assertEquals(Assert.java:198)
	at junit.framework.Assert.assertEquals(Assert.java:204)
	at edu.coursera.concurrent.ListSetTest.testCoarseGrainedLockingHelper(ListSetTest.java:158)
	at edu.coursera.concurrent.ListSetTest.testCoarseGrainedLockingRepeatingLarge(ListSetTest.java:69)

testReadWriteLocksRandomLarge(edu.coursera.concurrent.ListSetTest)  Time elapsed: 647.669 sec  <<< FAILURE!
junit.framework.AssertionFailedError: expected:<50535> but was:<50533>
	at junit.framework.Assert.fail(Assert.java:47)
	at junit.framework.Assert.failNotEquals(Assert.java:280)
	at junit.framework.Assert.assertEquals(Assert.java:64)
	at junit.framework.Assert.assertEquals(Assert.java:198)
	at junit.framework.Assert.assertEquals(Assert.java:204)
	at edu.coursera.concurrent.ListSetTest.testReadWriteLocksHelper(ListSetTest.java:197)
	at edu.coursera.concurrent.ListSetTest.testReadWriteLocksRandomLarge(ListSetTest.java:85)

testReadWriteLocksRandomSmall(edu.coursera.concurrent.ListSetTest)  Time elapsed: 104.143 sec  <<< FAILURE!
junit.framework.AssertionFailedError: expected:<31551> but was:<31550>
	at junit.framework.Assert.fail(Assert.java:47)
	at junit.framework.Assert.failNotEquals(Assert.java:280)
	at junit.framework.Assert.assertEquals(Assert.java:64)
	at junit.framework.Assert.assertEquals(Assert.java:198)
	at junit.framework.Assert.assertEquals(Assert.java:204)
	at edu.coursera.concurrent.ListSetTest.testReadWriteLocksHelper(ListSetTest.java:197)
	at edu.coursera.concurrent.ListSetTest.testReadWriteLocksRandomSmall(ListSetTest.java:101)

testReadWriteLocksRepeatingLarge(edu.coursera.concurrent.ListSetTest)  Time elapsed: 109.667 sec  <<< FAILURE!
junit.framework.AssertionFailedError: expected:<10000> but was:<10003>
	at junit.framework.Assert.fail(Assert.java:47)
	at junit.framework.Assert.failNotEquals(Assert.java:280)
	at junit.framework.Assert.assertEquals(Assert.java:64)
	at junit.framework.Assert.assertEquals(Assert.java:198)
	at junit.framework.Assert.assertEquals(Assert.java:204)
	at edu.coursera.concurrent.ListSetTest.testReadWriteLocksHelper(ListSetTest.java:205)
	at edu.coursera.concurrent.ListSetTest.testReadWriteLocksRepeatingLarge(ListSetTest.java:117)

testReadWriteLocksRepeatingSmall(edu.coursera.concurrent.ListSetTest)  Time elapsed: 49.117 sec  <<< FAILURE!
junit.framework.AssertionFailedError: expected:<10000> but was:<10002>
	at junit.framework.Assert.fail(Assert.java:47)
	at junit.framework.Assert.failNotEquals(Assert.java:280)
	at junit.framework.Assert.assertEquals(Assert.java:64)
	at junit.framework.Assert.assertEquals(Assert.java:198)
	at junit.framework.Assert.assertEquals(Assert.java:204)
	at edu.coursera.concurrent.ListSetTest.testReadWriteLocksHelper(ListSetTest.java:205)
	at edu.coursera.concurrent.ListSetTest.testReadWriteLocksRepeatingSmall(ListSetTest.java:133)

